{"D:\\goit-nodejs-homework\\app.js": {"path":"D:\\goit-nodejs-homework\\app.js","statementMap":{"0":{"start":{"line":1,"column":16},"end":{"line":1,"column":34}},"1":{"start":{"line":2,"column":15},"end":{"line":2,"column":32}},"2":{"start":{"line":3,"column":13},"end":{"line":3,"column":28}},"3":{"start":{"line":4,"column":13},"end":{"line":4,"column":28}},"4":{"start":{"line":5,"column":0},"end":{"line":5,"column":27}},"5":{"start":{"line":7,"column":23},"end":{"line":7,"column":55}},"6":{"start":{"line":8,"column":23},"end":{"line":8,"column":51}},"7":{"start":{"line":9,"column":19},"end":{"line":9,"column":48}},"8":{"start":{"line":11,"column":12},"end":{"line":11,"column":21}},"9":{"start":{"line":13,"column":22},"end":{"line":13,"column":72}},"10":{"start":{"line":14,"column":0},"end":{"line":14,"column":49}},"11":{"start":{"line":15,"column":0},"end":{"line":15,"column":31}},"12":{"start":{"line":16,"column":0},"end":{"line":16,"column":16}},"13":{"start":{"line":17,"column":0},"end":{"line":17,"column":24}},"14":{"start":{"line":18,"column":0},"end":{"line":18,"column":56}},"15":{"start":{"line":20,"column":0},"end":{"line":20,"column":30}},"16":{"start":{"line":21,"column":0},"end":{"line":21,"column":33}},"17":{"start":{"line":22,"column":0},"end":{"line":22,"column":41}},"18":{"start":{"line":28,"column":0},"end":{"line":30,"column":3}},"19":{"start":{"line":29,"column":2},"end":{"line":29,"column":49}},"20":{"start":{"line":32,"column":0},"end":{"line":34,"column":3}},"21":{"start":{"line":33,"column":2},"end":{"line":33,"column":63}},"22":{"start":{"line":36,"column":0},"end":{"line":36,"column":21}}},"fnMap":{"0":{"name":"(anonymous_0)","decl":{"start":{"line":28,"column":8},"end":{"line":28,"column":9}},"loc":{"start":{"line":28,"column":22},"end":{"line":30,"column":1}},"line":28},"1":{"name":"(anonymous_1)","decl":{"start":{"line":32,"column":8},"end":{"line":32,"column":9}},"loc":{"start":{"line":32,"column":33},"end":{"line":34,"column":1}},"line":32}},"branchMap":{"0":{"loc":{"start":{"line":13,"column":22},"end":{"line":13,"column":72}},"type":"cond-expr","locations":[{"start":{"line":13,"column":57},"end":{"line":13,"column":62}},{"start":{"line":13,"column":65},"end":{"line":13,"column":72}}],"line":13},"1":{"loc":{"start":{"line":33,"column":13},"end":{"line":33,"column":30}},"type":"binary-expr","locations":[{"start":{"line":33,"column":13},"end":{"line":33,"column":23}},{"start":{"line":33,"column":27},"end":{"line":33,"column":30}}],"line":33}},"s":{"0":2,"1":2,"2":2,"3":2,"4":2,"5":2,"6":2,"7":2,"8":2,"9":2,"10":2,"11":2,"12":2,"13":2,"14":2,"15":2,"16":2,"17":2,"18":2,"19":2,"20":2,"21":3,"22":2},"f":{"0":2,"1":3},"b":{"0":[0,2],"1":[3,0]},"_coverageSchema":"1a1c01bbd47fc00a2c39e90264f33305004495a9","hash":"d8699609ae5ff55cb082b6f9f459033369254698"}
,"D:\\goit-nodejs-homework\\config\\passport.js": {"path":"D:\\goit-nodejs-homework\\config\\passport.js","statementMap":{"0":{"start":{"line":1,"column":17},"end":{"line":1,"column":36}},"1":{"start":{"line":2,"column":33},"end":{"line":2,"column":56}},"2":{"start":{"line":3,"column":14},"end":{"line":3,"column":39}},"3":{"start":{"line":4,"column":0},"end":{"line":4,"column":27}},"4":{"start":{"line":5,"column":19},"end":{"line":5,"column":45}},"5":{"start":{"line":6,"column":15},"end":{"line":9,"column":1}},"6":{"start":{"line":11,"column":0},"end":{"line":26,"column":2}},"7":{"start":{"line":13,"column":4},"end":{"line":24,"column":5}},"8":{"start":{"line":14,"column":19},"end":{"line":14,"column":51}},"9":{"start":{"line":15,"column":6},"end":{"line":17,"column":7}},"10":{"start":{"line":16,"column":8},"end":{"line":16,"column":49}},"11":{"start":{"line":18,"column":6},"end":{"line":20,"column":7}},"12":{"start":{"line":19,"column":8},"end":{"line":19,"column":33}},"13":{"start":{"line":21,"column":6},"end":{"line":21,"column":30}},"14":{"start":{"line":23,"column":6},"end":{"line":23,"column":14}}},"fnMap":{"0":{"name":"(anonymous_0)","decl":{"start":{"line":12,"column":23},"end":{"line":12,"column":24}},"loc":{"start":{"line":12,"column":48},"end":{"line":25,"column":3}},"line":12}},"branchMap":{"0":{"loc":{"start":{"line":15,"column":6},"end":{"line":17,"column":7}},"type":"if","locations":[{"start":{"line":15,"column":6},"end":{"line":17,"column":7}},{"start":{"line":15,"column":6},"end":{"line":17,"column":7}}],"line":15},"1":{"loc":{"start":{"line":18,"column":6},"end":{"line":20,"column":7}},"type":"if","locations":[{"start":{"line":18,"column":6},"end":{"line":20,"column":7}},{"start":{"line":18,"column":6},"end":{"line":20,"column":7}}],"line":18}},"s":{"0":2,"1":2,"2":2,"3":2,"4":2,"5":2,"6":2,"7":10,"8":10,"9":10,"10":0,"11":10,"12":0,"13":10,"14":0},"f":{"0":10},"b":{"0":[0,10],"1":[0,10]},"_coverageSchema":"1a1c01bbd47fc00a2c39e90264f33305004495a9","hash":"22281811d1fb98eff75b3e4c94f4e839bfc01585"}
,"D:\\goit-nodejs-homework\\controllers\\contacts.js": {"path":"D:\\goit-nodejs-homework\\controllers\\contacts.js","statementMap":{"0":{"start":{"line":1,"column":17},"end":{"line":1,"column":45}},"1":{"start":{"line":3,"column":15},"end":{"line":17,"column":1}},"2":{"start":{"line":4,"column":2},"end":{"line":16,"column":3}},"3":{"start":{"line":5,"column":19},"end":{"line":5,"column":30}},"4":{"start":{"line":6,"column":21},"end":{"line":6,"column":61}},"5":{"start":{"line":7,"column":4},"end":{"line":13,"column":7}},"6":{"start":{"line":15,"column":4},"end":{"line":15,"column":12}},"7":{"start":{"line":19,"column":16},"end":{"line":41,"column":1}},"8":{"start":{"line":20,"column":2},"end":{"line":40,"column":3}},"9":{"start":{"line":21,"column":19},"end":{"line":21,"column":30}},"10":{"start":{"line":22,"column":20},"end":{"line":22,"column":72}},"11":{"start":{"line":23,"column":4},"end":{"line":37,"column":5}},"12":{"start":{"line":24,"column":6},"end":{"line":30,"column":9}},"13":{"start":{"line":32,"column":6},"end":{"line":36,"column":9}},"14":{"start":{"line":39,"column":4},"end":{"line":39,"column":12}},"15":{"start":{"line":43,"column":18},"end":{"line":57,"column":1}},"16":{"start":{"line":44,"column":2},"end":{"line":56,"column":3}},"17":{"start":{"line":45,"column":19},"end":{"line":45,"column":30}},"18":{"start":{"line":46,"column":20},"end":{"line":46,"column":73}},"19":{"start":{"line":47,"column":4},"end":{"line":53,"column":7}},"20":{"start":{"line":55,"column":4},"end":{"line":55,"column":12}},"21":{"start":{"line":59,"column":19},"end":{"line":81,"column":1}},"22":{"start":{"line":60,"column":2},"end":{"line":80,"column":3}},"23":{"start":{"line":61,"column":19},"end":{"line":61,"column":30}},"24":{"start":{"line":62,"column":20},"end":{"line":62,"column":71}},"25":{"start":{"line":63,"column":4},"end":{"line":77,"column":5}},"26":{"start":{"line":64,"column":6},"end":{"line":70,"column":9}},"27":{"start":{"line":72,"column":6},"end":{"line":76,"column":9}},"28":{"start":{"line":79,"column":4},"end":{"line":79,"column":12}},"29":{"start":{"line":83,"column":19},"end":{"line":109,"column":1}},"30":{"start":{"line":84,"column":2},"end":{"line":108,"column":3}},"31":{"start":{"line":85,"column":19},"end":{"line":85,"column":30}},"32":{"start":{"line":86,"column":20},"end":{"line":90,"column":5}},"33":{"start":{"line":91,"column":4},"end":{"line":105,"column":5}},"34":{"start":{"line":92,"column":6},"end":{"line":98,"column":9}},"35":{"start":{"line":100,"column":6},"end":{"line":104,"column":9}},"36":{"start":{"line":107,"column":4},"end":{"line":107,"column":12}},"37":{"start":{"line":111,"column":0},"end":{"line":111,"column":72}}},"fnMap":{"0":{"name":"(anonymous_0)","decl":{"start":{"line":3,"column":15},"end":{"line":3,"column":16}},"loc":{"start":{"line":3,"column":41},"end":{"line":17,"column":1}},"line":3},"1":{"name":"(anonymous_1)","decl":{"start":{"line":19,"column":16},"end":{"line":19,"column":17}},"loc":{"start":{"line":19,"column":42},"end":{"line":41,"column":1}},"line":19},"2":{"name":"(anonymous_2)","decl":{"start":{"line":43,"column":18},"end":{"line":43,"column":19}},"loc":{"start":{"line":43,"column":44},"end":{"line":57,"column":1}},"line":43},"3":{"name":"(anonymous_3)","decl":{"start":{"line":59,"column":19},"end":{"line":59,"column":20}},"loc":{"start":{"line":59,"column":45},"end":{"line":81,"column":1}},"line":59},"4":{"name":"(anonymous_4)","decl":{"start":{"line":83,"column":19},"end":{"line":83,"column":20}},"loc":{"start":{"line":83,"column":45},"end":{"line":109,"column":1}},"line":83}},"branchMap":{"0":{"loc":{"start":{"line":23,"column":4},"end":{"line":37,"column":5}},"type":"if","locations":[{"start":{"line":23,"column":4},"end":{"line":37,"column":5}},{"start":{"line":23,"column":4},"end":{"line":37,"column":5}}],"line":23},"1":{"loc":{"start":{"line":63,"column":4},"end":{"line":77,"column":5}},"type":"if","locations":[{"start":{"line":63,"column":4},"end":{"line":77,"column":5}},{"start":{"line":63,"column":4},"end":{"line":77,"column":5}}],"line":63},"2":{"loc":{"start":{"line":91,"column":4},"end":{"line":105,"column":5}},"type":"if","locations":[{"start":{"line":91,"column":4},"end":{"line":105,"column":5}},{"start":{"line":91,"column":4},"end":{"line":105,"column":5}}],"line":91}},"s":{"0":2,"1":2,"2":1,"3":1,"4":1,"5":1,"6":0,"7":2,"8":2,"9":2,"10":2,"11":2,"12":1,"13":1,"14":0,"15":2,"16":1,"17":1,"18":1,"19":1,"20":0,"21":2,"22":1,"23":1,"24":1,"25":1,"26":1,"27":0,"28":0,"29":2,"30":1,"31":1,"32":1,"33":1,"34":1,"35":0,"36":0,"37":2},"f":{"0":1,"1":2,"2":1,"3":1,"4":1},"b":{"0":[1,1],"1":[1,0],"2":[1,0]},"_coverageSchema":"1a1c01bbd47fc00a2c39e90264f33305004495a9","hash":"9b59ffa9958a2401bfd3c9056fe2004ef3d802ee"}
,"D:\\goit-nodejs-homework\\controllers\\users.js": {"path":"D:\\goit-nodejs-homework\\controllers\\users.js","statementMap":{"0":{"start":{"line":1,"column":14},"end":{"line":1,"column":39}},"1":{"start":{"line":2,"column":13},"end":{"line":2,"column":28}},"2":{"start":{"line":3,"column":12},"end":{"line":3,"column":35}},"3":{"start":{"line":4,"column":11},"end":{"line":4,"column":33}},"4":{"start":{"line":5,"column":13},"end":{"line":5,"column":28}},"5":{"start":{"line":6,"column":16},"end":{"line":6,"column":60}},"6":{"start":{"line":8,"column":0},"end":{"line":8,"column":27}},"7":{"start":{"line":9,"column":19},"end":{"line":9,"column":45}},"8":{"start":{"line":11,"column":12},"end":{"line":38,"column":1}},"9":{"start":{"line":12,"column":20},"end":{"line":12,"column":28}},"10":{"start":{"line":13,"column":15},"end":{"line":13,"column":45}},"11":{"start":{"line":14,"column":2},"end":{"line":21,"column":3}},"12":{"start":{"line":15,"column":4},"end":{"line":20,"column":7}},"13":{"start":{"line":22,"column":2},"end":{"line":37,"column":3}},"14":{"start":{"line":23,"column":20},"end":{"line":23,"column":48}},"15":{"start":{"line":24,"column":4},"end":{"line":34,"column":7}},"16":{"start":{"line":36,"column":4},"end":{"line":36,"column":12}},"17":{"start":{"line":40,"column":14},"end":{"line":63,"column":1}},"18":{"start":{"line":41,"column":30},"end":{"line":41,"column":38}},"19":{"start":{"line":42,"column":15},"end":{"line":42,"column":45}},"20":{"start":{"line":43,"column":2},"end":{"line":50,"column":3}},"21":{"start":{"line":44,"column":4},"end":{"line":49,"column":7}},"22":{"start":{"line":51,"column":13},"end":{"line":51,"column":21}},"23":{"start":{"line":52,"column":18},"end":{"line":52,"column":24}},"24":{"start":{"line":53,"column":16},"end":{"line":53,"column":66}},"25":{"start":{"line":54,"column":2},"end":{"line":54,"column":37}},"26":{"start":{"line":55,"column":2},"end":{"line":62,"column":5}},"27":{"start":{"line":65,"column":15},"end":{"line":69,"column":1}},"28":{"start":{"line":66,"column":13},"end":{"line":66,"column":24}},"29":{"start":{"line":67,"column":2},"end":{"line":67,"column":36}},"30":{"start":{"line":68,"column":2},"end":{"line":68,"column":34}},"31":{"start":{"line":72,"column":23},"end":{"line":87,"column":1}},"32":{"start":{"line":73,"column":2},"end":{"line":86,"column":3}},"33":{"start":{"line":74,"column":17},"end":{"line":74,"column":50}},"34":{"start":{"line":75,"column":4},"end":{"line":83,"column":7}},"35":{"start":{"line":85,"column":4},"end":{"line":85,"column":12}},"36":{"start":{"line":89,"column":26},"end":{"line":104,"column":1}},"37":{"start":{"line":90,"column":2},"end":{"line":103,"column":3}},"38":{"start":{"line":91,"column":17},"end":{"line":91,"column":62}},"39":{"start":{"line":92,"column":4},"end":{"line":100,"column":7}},"40":{"start":{"line":102,"column":4},"end":{"line":102,"column":12}},"41":{"start":{"line":106,"column":22},"end":{"line":145,"column":1}},"42":{"start":{"line":107,"column":2},"end":{"line":144,"column":3}},"43":{"start":{"line":108,"column":4},"end":{"line":141,"column":5}},"44":{"start":{"line":110,"column":18},"end":{"line":110,"column":48}},"45":{"start":{"line":111,"column":6},"end":{"line":118,"column":35}},"46":{"start":{"line":120,"column":6},"end":{"line":120,"column":76}},"47":{"start":{"line":122,"column":27},"end":{"line":122,"column":57}},"48":{"start":{"line":124,"column":42},"end":{"line":124,"column":76}},"49":{"start":{"line":126,"column":23},"end":{"line":126,"column":52}},"50":{"start":{"line":127,"column":6},"end":{"line":133,"column":7}},"51":{"start":{"line":129,"column":8},"end":{"line":129,"column":54}},"52":{"start":{"line":130,"column":8},"end":{"line":130,"column":54}},"53":{"start":{"line":132,"column":8},"end":{"line":132,"column":52}},"54":{"start":{"line":135,"column":6},"end":{"line":135,"column":58}},"55":{"start":{"line":136,"column":6},"end":{"line":140,"column":9}},"56":{"start":{"line":143,"column":4},"end":{"line":143,"column":12}},"57":{"start":{"line":146,"column":0},"end":{"line":153,"column":2}}},"fnMap":{"0":{"name":"(anonymous_0)","decl":{"start":{"line":11,"column":12},"end":{"line":11,"column":13}},"loc":{"start":{"line":11,"column":38},"end":{"line":38,"column":1}},"line":11},"1":{"name":"(anonymous_1)","decl":{"start":{"line":40,"column":14},"end":{"line":40,"column":15}},"loc":{"start":{"line":40,"column":40},"end":{"line":63,"column":1}},"line":40},"2":{"name":"(anonymous_2)","decl":{"start":{"line":65,"column":15},"end":{"line":65,"column":16}},"loc":{"start":{"line":65,"column":41},"end":{"line":69,"column":1}},"line":65},"3":{"name":"(anonymous_3)","decl":{"start":{"line":72,"column":23},"end":{"line":72,"column":24}},"loc":{"start":{"line":72,"column":49},"end":{"line":87,"column":1}},"line":72},"4":{"name":"(anonymous_4)","decl":{"start":{"line":89,"column":26},"end":{"line":89,"column":27}},"loc":{"start":{"line":89,"column":52},"end":{"line":104,"column":1}},"line":89},"5":{"name":"(anonymous_5)","decl":{"start":{"line":106,"column":22},"end":{"line":106,"column":23}},"loc":{"start":{"line":106,"column":48},"end":{"line":145,"column":1}},"line":106}},"branchMap":{"0":{"loc":{"start":{"line":14,"column":2},"end":{"line":21,"column":3}},"type":"if","locations":[{"start":{"line":14,"column":2},"end":{"line":21,"column":3}},{"start":{"line":14,"column":2},"end":{"line":21,"column":3}}],"line":14},"1":{"loc":{"start":{"line":43,"column":2},"end":{"line":50,"column":3}},"type":"if","locations":[{"start":{"line":43,"column":2},"end":{"line":50,"column":3}},{"start":{"line":43,"column":2},"end":{"line":50,"column":3}}],"line":43},"2":{"loc":{"start":{"line":43,"column":6},"end":{"line":43,"column":52}},"type":"binary-expr","locations":[{"start":{"line":43,"column":6},"end":{"line":43,"column":11}},{"start":{"line":43,"column":15},"end":{"line":43,"column":52}}],"line":43},"3":{"loc":{"start":{"line":108,"column":4},"end":{"line":141,"column":5}},"type":"if","locations":[{"start":{"line":108,"column":4},"end":{"line":141,"column":5}},{"start":{"line":108,"column":4},"end":{"line":141,"column":5}}],"line":108},"4":{"loc":{"start":{"line":116,"column":10},"end":{"line":116,"column":68}},"type":"binary-expr","locations":[{"start":{"line":116,"column":10},"end":{"line":116,"column":38}},{"start":{"line":116,"column":42},"end":{"line":116,"column":68}}],"line":116}},"s":{"0":2,"1":2,"2":2,"3":2,"4":2,"5":2,"6":2,"7":2,"8":2,"9":2,"10":2,"11":2,"12":1,"13":1,"14":1,"15":1,"16":0,"17":2,"18":2,"19":2,"20":2,"21":1,"22":1,"23":1,"24":1,"25":1,"26":1,"27":2,"28":0,"29":0,"30":0,"31":2,"32":0,"33":0,"34":0,"35":0,"36":2,"37":0,"38":0,"39":0,"40":0,"41":2,"42":1,"43":1,"44":1,"45":1,"46":1,"47":1,"48":1,"49":1,"50":1,"51":1,"52":0,"53":1,"54":1,"55":1,"56":0,"57":2},"f":{"0":2,"1":2,"2":0,"3":0,"4":0,"5":1},"b":{"0":[1,1],"1":[1,1],"2":[2,1],"3":[1,0],"4":[1,0]},"_coverageSchema":"1a1c01bbd47fc00a2c39e90264f33305004495a9","hash":"815fd0177fe7b6b719b7cbb67a6a890e64a3c7ae"}
,"D:\\goit-nodejs-homework\\helpers\\guard.js": {"path":"D:\\goit-nodejs-homework\\helpers\\guard.js","statementMap":{"0":{"start":{"line":1,"column":17},"end":{"line":1,"column":36}},"1":{"start":{"line":2,"column":0},"end":{"line":2,"column":30}},"2":{"start":{"line":3,"column":14},"end":{"line":17,"column":1}},"3":{"start":{"line":4,"column":2},"end":{"line":16,"column":21}},"4":{"start":{"line":5,"column":18},"end":{"line":5,"column":57}},"5":{"start":{"line":6,"column":4},"end":{"line":13,"column":5}},"6":{"start":{"line":7,"column":6},"end":{"line":12,"column":9}},"7":{"start":{"line":14,"column":4},"end":{"line":14,"column":20}},"8":{"start":{"line":15,"column":4},"end":{"line":15,"column":18}},"9":{"start":{"line":18,"column":0},"end":{"line":18,"column":23}}},"fnMap":{"0":{"name":"(anonymous_0)","decl":{"start":{"line":3,"column":14},"end":{"line":3,"column":15}},"loc":{"start":{"line":3,"column":34},"end":{"line":17,"column":1}},"line":3},"1":{"name":"(anonymous_1)","decl":{"start":{"line":4,"column":51},"end":{"line":4,"column":52}},"loc":{"start":{"line":4,"column":66},"end":{"line":16,"column":3}},"line":4}},"branchMap":{"0":{"loc":{"start":{"line":6,"column":4},"end":{"line":13,"column":5}},"type":"if","locations":[{"start":{"line":6,"column":4},"end":{"line":13,"column":5}},{"start":{"line":6,"column":4},"end":{"line":13,"column":5}}],"line":6},"1":{"loc":{"start":{"line":6,"column":8},"end":{"line":6,"column":44}},"type":"binary-expr","locations":[{"start":{"line":6,"column":8},"end":{"line":6,"column":11}},{"start":{"line":6,"column":15},"end":{"line":6,"column":20}},{"start":{"line":6,"column":24},"end":{"line":6,"column":44}}],"line":6}},"s":{"0":2,"1":2,"2":2,"3":10,"4":10,"5":10,"6":0,"7":10,"8":10,"9":2},"f":{"0":10,"1":10},"b":{"0":[0,10],"1":[10,10,10]},"_coverageSchema":"1a1c01bbd47fc00a2c39e90264f33305004495a9","hash":"213bdb96ee327e065c77acc79f08719907d4f065"}
,"D:\\goit-nodejs-homework\\helpers\\multer.js": {"path":"D:\\goit-nodejs-homework\\helpers\\multer.js","statementMap":{"0":{"start":{"line":1,"column":13},"end":{"line":1,"column":28}},"1":{"start":{"line":2,"column":0},"end":{"line":2,"column":27}},"2":{"start":{"line":3,"column":15},"end":{"line":3,"column":32}},"3":{"start":{"line":5,"column":19},"end":{"line":5,"column":67}},"4":{"start":{"line":7,"column":16},"end":{"line":14,"column":2}},"5":{"start":{"line":9,"column":4},"end":{"line":9,"column":25}},"6":{"start":{"line":12,"column":4},"end":{"line":12,"column":51}},"7":{"start":{"line":16,"column":15},"end":{"line":26,"column":2}},"8":{"start":{"line":20,"column":4},"end":{"line":23,"column":5}},"9":{"start":{"line":21,"column":6},"end":{"line":21,"column":21}},"10":{"start":{"line":22,"column":6},"end":{"line":22,"column":13}},"11":{"start":{"line":24,"column":4},"end":{"line":24,"column":20}},"12":{"start":{"line":27,"column":0},"end":{"line":27,"column":24}}},"fnMap":{"0":{"name":"(anonymous_0)","decl":{"start":{"line":8,"column":15},"end":{"line":8,"column":16}},"loc":{"start":{"line":8,"column":40},"end":{"line":10,"column":3}},"line":8},"1":{"name":"(anonymous_1)","decl":{"start":{"line":11,"column":12},"end":{"line":11,"column":13}},"loc":{"start":{"line":11,"column":37},"end":{"line":13,"column":3}},"line":11},"2":{"name":"(anonymous_2)","decl":{"start":{"line":19,"column":14},"end":{"line":19,"column":15}},"loc":{"start":{"line":19,"column":33},"end":{"line":25,"column":3}},"line":19}},"branchMap":{"0":{"loc":{"start":{"line":20,"column":4},"end":{"line":23,"column":5}},"type":"if","locations":[{"start":{"line":20,"column":4},"end":{"line":23,"column":5}},{"start":{"line":20,"column":4},"end":{"line":23,"column":5}}],"line":20}},"s":{"0":2,"1":2,"2":2,"3":2,"4":2,"5":1,"6":1,"7":2,"8":1,"9":1,"10":1,"11":0,"12":2},"f":{"0":1,"1":1,"2":1},"b":{"0":[1,0]},"_coverageSchema":"1a1c01bbd47fc00a2c39e90264f33305004495a9","hash":"e0ee06a4b52c624adb145d348250263d5ead5590"}
,"D:\\goit-nodejs-homework\\routes\\api\\auth\\index.js": {"path":"D:\\goit-nodejs-homework\\routes\\api\\auth\\index.js","statementMap":{"0":{"start":{"line":1,"column":16},"end":{"line":1,"column":34}},"1":{"start":{"line":2,"column":15},"end":{"line":2,"column":31}},"2":{"start":{"line":3,"column":14},"end":{"line":3,"column":47}},"3":{"start":{"line":4,"column":17},"end":{"line":4,"column":40}},"4":{"start":{"line":5,"column":25},"end":{"line":5,"column":62}},"5":{"start":{"line":7,"column":0},"end":{"line":10,"column":51}},"6":{"start":{"line":11,"column":0},"end":{"line":11,"column":24}}},"fnMap":{},"branchMap":{},"s":{"0":2,"1":2,"2":2,"3":2,"4":2,"5":2,"6":2},"f":{},"b":{},"_coverageSchema":"1a1c01bbd47fc00a2c39e90264f33305004495a9","hash":"fb9585141332d2fbd318479fffe4ea5fcac130fd"}
,"D:\\goit-nodejs-homework\\routes\\api\\auth\\validation.js": {"path":"D:\\goit-nodejs-homework\\routes\\api\\auth\\validation.js","statementMap":{"0":{"start":{"line":1,"column":12},"end":{"line":1,"column":26}},"1":{"start":{"line":3,"column":25},"end":{"line":9,"column":2}},"2":{"start":{"line":11,"column":24},"end":{"line":16,"column":2}},"3":{"start":{"line":18,"column":17},"end":{"line":28,"column":1}},"4":{"start":{"line":19,"column":20},"end":{"line":19,"column":40}},"5":{"start":{"line":20,"column":2},"end":{"line":26,"column":3}},"6":{"start":{"line":21,"column":26},"end":{"line":21,"column":39}},"7":{"start":{"line":22,"column":4},"end":{"line":25,"column":7}},"8":{"start":{"line":27,"column":2},"end":{"line":27,"column":9}},"9":{"start":{"line":30,"column":0},"end":{"line":32,"column":2}},"10":{"start":{"line":31,"column":2},"end":{"line":31,"column":52}},"11":{"start":{"line":34,"column":0},"end":{"line":36,"column":2}},"12":{"start":{"line":35,"column":2},"end":{"line":35,"column":51}}},"fnMap":{"0":{"name":"(anonymous_0)","decl":{"start":{"line":18,"column":17},"end":{"line":18,"column":18}},"loc":{"start":{"line":18,"column":40},"end":{"line":28,"column":1}},"line":18},"1":{"name":"(anonymous_1)","decl":{"start":{"line":30,"column":28},"end":{"line":30,"column":29}},"loc":{"start":{"line":30,"column":48},"end":{"line":32,"column":1}},"line":30},"2":{"name":"(anonymous_2)","decl":{"start":{"line":34,"column":27},"end":{"line":34,"column":28}},"loc":{"start":{"line":34,"column":47},"end":{"line":36,"column":1}},"line":34}},"branchMap":{"0":{"loc":{"start":{"line":20,"column":2},"end":{"line":26,"column":3}},"type":"if","locations":[{"start":{"line":20,"column":2},"end":{"line":26,"column":3}},{"start":{"line":20,"column":2},"end":{"line":26,"column":3}}],"line":20}},"s":{"0":2,"1":2,"2":2,"3":2,"4":4,"5":4,"6":0,"7":0,"8":4,"9":2,"10":2,"11":2,"12":2},"f":{"0":4,"1":2,"2":2},"b":{"0":[0,4]},"_coverageSchema":"1a1c01bbd47fc00a2c39e90264f33305004495a9","hash":"306f5a744004537ea45da9e3f75c8d737b2a999a"}
,"D:\\goit-nodejs-homework\\routes\\api\\contacts\\index.js": {"path":"D:\\goit-nodejs-homework\\routes\\api\\contacts\\index.js","statementMap":{"0":{"start":{"line":1,"column":16},"end":{"line":1,"column":34}},"1":{"start":{"line":2,"column":15},"end":{"line":2,"column":31}},"2":{"start":{"line":3,"column":17},"end":{"line":3,"column":40}},"3":{"start":{"line":4,"column":14},"end":{"line":4,"column":47}},"4":{"start":{"line":6,"column":28},"end":{"line":6,"column":68}},"5":{"start":{"line":8,"column":0},"end":{"line":10,"column":75}},"6":{"start":{"line":12,"column":0},"end":{"line":20,"column":64}},"7":{"start":{"line":21,"column":0},"end":{"line":21,"column":24}}},"fnMap":{},"branchMap":{},"s":{"0":2,"1":2,"2":2,"3":2,"4":2,"5":2,"6":2,"7":2},"f":{},"b":{},"_coverageSchema":"1a1c01bbd47fc00a2c39e90264f33305004495a9","hash":"fa8ecbba43650c11372a0a058673bedabec7c9a2"}
,"D:\\goit-nodejs-homework\\routes\\api\\contacts\\validation.js": {"path":"D:\\goit-nodejs-homework\\routes\\api\\contacts\\validation.js","statementMap":{"0":{"start":{"line":1,"column":12},"end":{"line":1,"column":26}},"1":{"start":{"line":3,"column":28},"end":{"line":9,"column":2}},"2":{"start":{"line":11,"column":28},"end":{"line":18,"column":2}},"3":{"start":{"line":20,"column":40},"end":{"line":22,"column":2}},"4":{"start":{"line":24,"column":24},"end":{"line":26,"column":2}},"5":{"start":{"line":28,"column":17},"end":{"line":38,"column":1}},"6":{"start":{"line":29,"column":20},"end":{"line":29,"column":40}},"7":{"start":{"line":30,"column":2},"end":{"line":36,"column":3}},"8":{"start":{"line":31,"column":26},"end":{"line":31,"column":39}},"9":{"start":{"line":32,"column":4},"end":{"line":35,"column":7}},"10":{"start":{"line":37,"column":2},"end":{"line":37,"column":9}},"11":{"start":{"line":40,"column":0},"end":{"line":42,"column":2}},"12":{"start":{"line":41,"column":2},"end":{"line":41,"column":55}},"13":{"start":{"line":44,"column":0},"end":{"line":46,"column":2}},"14":{"start":{"line":45,"column":2},"end":{"line":45,"column":55}},"15":{"start":{"line":48,"column":0},"end":{"line":50,"column":2}},"16":{"start":{"line":49,"column":2},"end":{"line":49,"column":67}},"17":{"start":{"line":52,"column":0},"end":{"line":54,"column":2}},"18":{"start":{"line":53,"column":2},"end":{"line":53,"column":52}}},"fnMap":{"0":{"name":"(anonymous_0)","decl":{"start":{"line":28,"column":17},"end":{"line":28,"column":18}},"loc":{"start":{"line":28,"column":40},"end":{"line":38,"column":1}},"line":28},"1":{"name":"(anonymous_1)","decl":{"start":{"line":40,"column":31},"end":{"line":40,"column":32}},"loc":{"start":{"line":40,"column":51},"end":{"line":42,"column":1}},"line":40},"2":{"name":"(anonymous_2)","decl":{"start":{"line":44,"column":31},"end":{"line":44,"column":32}},"loc":{"start":{"line":44,"column":51},"end":{"line":46,"column":1}},"line":44},"3":{"name":"(anonymous_3)","decl":{"start":{"line":48,"column":43},"end":{"line":48,"column":44}},"loc":{"start":{"line":48,"column":63},"end":{"line":50,"column":1}},"line":48},"4":{"name":"(anonymous_4)","decl":{"start":{"line":52,"column":27},"end":{"line":52,"column":28}},"loc":{"start":{"line":52,"column":47},"end":{"line":54,"column":1}},"line":52}},"branchMap":{"0":{"loc":{"start":{"line":30,"column":2},"end":{"line":36,"column":3}},"type":"if","locations":[{"start":{"line":30,"column":2},"end":{"line":36,"column":3}},{"start":{"line":30,"column":2},"end":{"line":36,"column":3}}],"line":30}},"s":{"0":2,"1":2,"2":2,"3":2,"4":2,"5":2,"6":5,"7":5,"8":3,"9":3,"10":2,"11":2,"12":3,"13":2,"14":2,"15":2,"16":0,"17":2,"18":0},"f":{"0":5,"1":3,"2":2,"3":0,"4":0},"b":{"0":[3,2]},"_coverageSchema":"1a1c01bbd47fc00a2c39e90264f33305004495a9","hash":"63f9d82197f14ec901f272b638daa466aebb551f"}
,"D:\\goit-nodejs-homework\\routes\\api\\users\\index.js": {"path":"D:\\goit-nodejs-homework\\routes\\api\\users\\index.js","statementMap":{"0":{"start":{"line":1,"column":16},"end":{"line":1,"column":34}},"1":{"start":{"line":2,"column":15},"end":{"line":2,"column":31}},"2":{"start":{"line":3,"column":17},"end":{"line":3,"column":40}},"3":{"start":{"line":4,"column":0},"end":{"line":4,"column":27}},"4":{"start":{"line":5,"column":14},"end":{"line":5,"column":47}},"5":{"start":{"line":6,"column":15},"end":{"line":6,"column":49}},"6":{"start":{"line":8,"column":25},"end":{"line":8,"column":62}},"7":{"start":{"line":10,"column":0},"end":{"line":10,"column":63}},"8":{"start":{"line":11,"column":0},"end":{"line":16,"column":2}},"9":{"start":{"line":18,"column":0},"end":{"line":23,"column":2}},"10":{"start":{"line":25,"column":0},"end":{"line":25,"column":24}}},"fnMap":{},"branchMap":{},"s":{"0":2,"1":2,"2":2,"3":2,"4":2,"5":2,"6":2,"7":2,"8":2,"9":2,"10":2},"f":{},"b":{},"_coverageSchema":"1a1c01bbd47fc00a2c39e90264f33305004495a9","hash":"2b8358ef6caeff4f1a4b84f62e04253e5db9b057"}
,"D:\\goit-nodejs-homework\\routes\\api\\users\\validation.js": {"path":"D:\\goit-nodejs-homework\\routes\\api\\users\\validation.js","statementMap":{"0":{"start":{"line":1,"column":12},"end":{"line":1,"column":26}},"1":{"start":{"line":3,"column":25},"end":{"line":5,"column":2}},"2":{"start":{"line":7,"column":17},"end":{"line":17,"column":1}},"3":{"start":{"line":8,"column":20},"end":{"line":8,"column":40}},"4":{"start":{"line":9,"column":2},"end":{"line":15,"column":3}},"5":{"start":{"line":10,"column":26},"end":{"line":10,"column":39}},"6":{"start":{"line":11,"column":4},"end":{"line":14,"column":7}},"7":{"start":{"line":16,"column":2},"end":{"line":16,"column":9}},"8":{"start":{"line":19,"column":0},"end":{"line":21,"column":2}},"9":{"start":{"line":20,"column":2},"end":{"line":20,"column":52}}},"fnMap":{"0":{"name":"(anonymous_0)","decl":{"start":{"line":7,"column":17},"end":{"line":7,"column":18}},"loc":{"start":{"line":7,"column":40},"end":{"line":17,"column":1}},"line":7},"1":{"name":"(anonymous_1)","decl":{"start":{"line":19,"column":28},"end":{"line":19,"column":29}},"loc":{"start":{"line":19,"column":48},"end":{"line":21,"column":1}},"line":19}},"branchMap":{"0":{"loc":{"start":{"line":9,"column":2},"end":{"line":15,"column":3}},"type":"if","locations":[{"start":{"line":9,"column":2},"end":{"line":15,"column":3}},{"start":{"line":9,"column":2},"end":{"line":15,"column":3}}],"line":9}},"s":{"0":2,"1":2,"2":2,"3":0,"4":0,"5":0,"6":0,"7":0,"8":2,"9":0},"f":{"0":0,"1":0},"b":{"0":[0,0]},"_coverageSchema":"1a1c01bbd47fc00a2c39e90264f33305004495a9","hash":"edd708e138184c4442a0a082619188082d18add2"}
}
