TN:
SF:app.js
FN:28,(anonymous_0)
FN:32,(anonymous_1)
FNF:2
FNH:2
FNDA:2,(anonymous_0)
FNDA:3,(anonymous_1)
DA:1,2
DA:2,2
DA:3,2
DA:4,2
DA:5,2
DA:7,2
DA:8,2
DA:9,2
DA:11,2
DA:13,2
DA:14,2
DA:15,2
DA:16,2
DA:17,2
DA:18,2
DA:20,2
DA:21,2
DA:22,2
DA:28,2
DA:29,2
DA:32,2
DA:33,3
DA:36,2
LF:23
LH:23
BRDA:13,0,0,0
BRDA:13,0,1,2
BRDA:33,1,0,3
BRDA:33,1,1,0
BRF:4
BRH:2
end_of_record
TN:
SF:config\passport.js
FN:12,(anonymous_0)
FNF:1
FNH:1
FNDA:10,(anonymous_0)
DA:1,2
DA:2,2
DA:3,2
DA:4,2
DA:5,2
DA:6,2
DA:11,2
DA:13,10
DA:14,10
DA:15,10
DA:16,0
DA:18,10
DA:19,0
DA:21,10
DA:23,0
LF:15
LH:12
BRDA:15,0,0,0
BRDA:15,0,1,10
BRDA:18,1,0,0
BRDA:18,1,1,10
BRF:4
BRH:2
end_of_record
TN:
SF:controllers\contacts.js
FN:3,(anonymous_0)
FN:19,(anonymous_1)
FN:43,(anonymous_2)
FN:59,(anonymous_3)
FN:83,(anonymous_4)
FNF:5
FNH:5
FNDA:1,(anonymous_0)
FNDA:2,(anonymous_1)
FNDA:1,(anonymous_2)
FNDA:1,(anonymous_3)
FNDA:1,(anonymous_4)
DA:1,2
DA:3,2
DA:4,1
DA:5,1
DA:6,1
DA:7,1
DA:15,0
DA:19,2
DA:20,2
DA:21,2
DA:22,2
DA:23,2
DA:24,1
DA:32,1
DA:39,0
DA:43,2
DA:44,1
DA:45,1
DA:46,1
DA:47,1
DA:55,0
DA:59,2
DA:60,1
DA:61,1
DA:62,1
DA:63,1
DA:64,1
DA:72,0
DA:79,0
DA:83,2
DA:84,1
DA:85,1
DA:86,1
DA:91,1
DA:92,1
DA:100,0
DA:107,0
DA:111,2
LF:38
LH:31
BRDA:23,0,0,1
BRDA:23,0,1,1
BRDA:63,1,0,1
BRDA:63,1,1,0
BRDA:91,2,0,1
BRDA:91,2,1,0
BRF:6
BRH:4
end_of_record
TN:
SF:controllers\users.js
FN:11,(anonymous_0)
FN:40,(anonymous_1)
FN:65,(anonymous_2)
FN:72,(anonymous_3)
FN:89,(anonymous_4)
FN:106,(anonymous_5)
FNF:6
FNH:3
FNDA:2,(anonymous_0)
FNDA:2,(anonymous_1)
FNDA:0,(anonymous_2)
FNDA:0,(anonymous_3)
FNDA:0,(anonymous_4)
FNDA:1,(anonymous_5)
DA:1,2
DA:2,2
DA:3,2
DA:4,2
DA:5,2
DA:6,2
DA:8,2
DA:9,2
DA:11,2
DA:12,2
DA:13,2
DA:14,2
DA:15,1
DA:22,1
DA:23,1
DA:24,1
DA:36,0
DA:40,2
DA:41,2
DA:42,2
DA:43,2
DA:44,1
DA:51,1
DA:52,1
DA:53,1
DA:54,1
DA:55,1
DA:65,2
DA:66,0
DA:67,0
DA:68,0
DA:72,2
DA:73,0
DA:74,0
DA:75,0
DA:85,0
DA:89,2
DA:90,0
DA:91,0
DA:92,0
DA:102,0
DA:106,2
DA:107,1
DA:108,1
DA:110,1
DA:111,1
DA:120,1
DA:122,1
DA:124,1
DA:126,1
DA:127,1
DA:129,1
DA:130,0
DA:132,1
DA:135,1
DA:136,1
DA:143,0
DA:146,2
LF:58
LH:44
BRDA:14,0,0,1
BRDA:14,0,1,1
BRDA:43,1,0,1
BRDA:43,1,1,1
BRDA:43,2,0,2
BRDA:43,2,1,1
BRDA:108,3,0,1
BRDA:108,3,1,0
BRDA:116,4,0,1
BRDA:116,4,1,0
BRF:10
BRH:8
end_of_record
TN:
SF:helpers\guard.js
FN:3,(anonymous_0)
FN:4,(anonymous_1)
FNF:2
FNH:2
FNDA:10,(anonymous_0)
FNDA:10,(anonymous_1)
DA:1,2
DA:2,2
DA:3,2
DA:4,10
DA:5,10
DA:6,10
DA:7,0
DA:14,10
DA:15,10
DA:18,2
LF:10
LH:9
BRDA:6,0,0,0
BRDA:6,0,1,10
BRDA:6,1,0,10
BRDA:6,1,1,10
BRDA:6,1,2,10
BRF:5
BRH:4
end_of_record
TN:
SF:helpers\multer.js
FN:8,(anonymous_0)
FN:11,(anonymous_1)
FN:19,(anonymous_2)
FNF:3
FNH:3
FNDA:1,(anonymous_0)
FNDA:1,(anonymous_1)
FNDA:1,(anonymous_2)
DA:1,2
DA:2,2
DA:3,2
DA:5,2
DA:7,2
DA:9,1
DA:12,1
DA:16,2
DA:20,1
DA:21,1
DA:22,1
DA:24,0
DA:27,2
LF:13
LH:12
BRDA:20,0,0,1
BRDA:20,0,1,0
BRF:2
BRH:1
end_of_record
TN:
SF:routes\api\auth\index.js
FNF:0
FNH:0
DA:1,2
DA:2,2
DA:3,2
DA:4,2
DA:5,2
DA:7,2
DA:11,2
LF:7
LH:7
BRF:0
BRH:0
end_of_record
TN:
SF:routes\api\auth\validation.js
FN:18,(anonymous_0)
FN:30,(anonymous_1)
FN:34,(anonymous_2)
FNF:3
FNH:3
FNDA:4,(anonymous_0)
FNDA:2,(anonymous_1)
FNDA:2,(anonymous_2)
DA:1,2
DA:3,2
DA:11,2
DA:18,2
DA:19,4
DA:20,4
DA:21,0
DA:22,0
DA:27,4
DA:30,2
DA:31,2
DA:34,2
DA:35,2
LF:13
LH:11
BRDA:20,0,0,0
BRDA:20,0,1,4
BRF:2
BRH:1
end_of_record
TN:
SF:routes\api\contacts\index.js
FNF:0
FNH:0
DA:1,2
DA:2,2
DA:3,2
DA:4,2
DA:6,2
DA:8,2
DA:12,2
DA:21,2
LF:8
LH:8
BRF:0
BRH:0
end_of_record
TN:
SF:routes\api\contacts\validation.js
FN:28,(anonymous_0)
FN:40,(anonymous_1)
FN:44,(anonymous_2)
FN:48,(anonymous_3)
FN:52,(anonymous_4)
FNF:5
FNH:3
FNDA:5,(anonymous_0)
FNDA:3,(anonymous_1)
FNDA:2,(anonymous_2)
FNDA:0,(anonymous_3)
FNDA:0,(anonymous_4)
DA:1,2
DA:3,2
DA:11,2
DA:20,2
DA:24,2
DA:28,2
DA:29,5
DA:30,5
DA:31,3
DA:32,3
DA:37,2
DA:40,2
DA:41,3
DA:44,2
DA:45,2
DA:48,2
DA:49,0
DA:52,2
DA:53,0
LF:19
LH:17
BRDA:30,0,0,3
BRDA:30,0,1,2
BRF:2
BRH:2
end_of_record
TN:
SF:routes\api\users\index.js
FNF:0
FNH:0
DA:1,2
DA:2,2
DA:3,2
DA:4,2
DA:5,2
DA:6,2
DA:8,2
DA:10,2
DA:11,2
DA:18,2
DA:25,2
LF:11
LH:11
BRF:0
BRH:0
end_of_record
TN:
SF:routes\api\users\validation.js
FN:7,(anonymous_0)
FN:19,(anonymous_1)
FNF:2
FNH:0
FNDA:0,(anonymous_0)
FNDA:0,(anonymous_1)
DA:1,2
DA:3,2
DA:7,2
DA:8,0
DA:9,0
DA:10,0
DA:11,0
DA:16,0
DA:19,2
DA:20,0
LF:10
LH:4
BRDA:9,0,0,0
BRDA:9,0,1,0
BRF:2
BRH:0
end_of_record
